2023-11-12T15:27:15+00:00 CRITICAL Uncaught TypeError: Unsupported operand types: int & string in /var/www/html/wp-includes/class-wp-rewrite.php:1046
Stack trace:
#0 /var/www/html/wp-includes/class-wp-rewrite.php(1307): WP_Rewrite->generate_rewrite_rules('/%year%/%monthn...', 1)
#1 /var/www/html/wp-includes/class-wp-rewrite.php(1509): WP_Rewrite->rewrite_rules()
#2 /var/www/html/wp-includes/class-wp-rewrite.php(1884): WP_Rewrite->refresh_rewrite_rules()
#3 /var/www/html/wp-includes/rewrite.php(282): WP_Rewrite->flush_rules(true)
#4 /var/www/html/wp-admin/admin.php(40): flush_rewrite_rules()
#5 /var/www/html/wp-admin/themes.php(10): require_once('/var/www/html/w...')
#6 {main}
  thrown, em /var/www/html/wp-includes/class-wp-rewrite.php, na linha 1046

2023-11-12T15:29:47+00:00 CRITICAL Uncaught TypeError: Unsupported operand types: int & string in /var/www/html/wp-includes/class-wp-rewrite.php:1046
Stack trace:
#0 /var/www/html/wp-includes/class-wp-rewrite.php(1307): WP_Rewrite->generate_rewrite_rules('/%year%/%monthn...', 1)
#1 /var/www/html/wp-includes/class-wp-rewrite.php(1509): WP_Rewrite->rewrite_rules()
#2 /var/www/html/wp-includes/class-wp-rewrite.php(1884): WP_Rewrite->refresh_rewrite_rules()
#3 /var/www/html/wp-includes/rewrite.php(282): WP_Rewrite->flush_rules(true)
#4 /var/www/html/wp-admin/admin.php(40): flush_rewrite_rules()
#5 /var/www/html/wp-admin/themes.php(10): require_once('/var/www/html/w...')
#6 {main}
  thrown, em /var/www/html/wp-includes/class-wp-rewrite.php, na linha 1046

2023-11-12T15:35:30+00:00 CRITICAL Uncaught TypeError: Unsupported operand types: int & string in /var/www/html/wp-includes/class-wp-rewrite.php:1046
Stack trace:
#0 /var/www/html/wp-includes/class-wp-rewrite.php(1307): WP_Rewrite->generate_rewrite_rules('/%year%/%monthn...', 1)
#1 /var/www/html/wp-includes/class-wp-rewrite.php(1509): WP_Rewrite->rewrite_rules()
#2 /var/www/html/wp-includes/class-wp-rewrite.php(1884): WP_Rewrite->refresh_rewrite_rules()
#3 /var/www/html/wp-includes/class-wp-hook.php(324): WP_Rewrite->flush_rules(true)
#4 /var/www/html/wp-includes/class-wp-hook.php(348): WP_Hook->apply_filters(NULL, Array)
#5 /var/www/html/wp-includes/plugin.php(517): WP_Hook->do_action(Array)
#6 /var/www/html/wp-settings.php(665): do_action('wp_loaded')
#7 /var/www/html/wp-config.php(133): require_once('/var/www/html/w...')
#8 /var/www/html/wp-load.php(50): require_once('/var/www/html/w...')
#9 /var/www/html/wp-admin/admin-ajax.php(22): require_once('/var/www/html/w...')
#10 {main}
  thrown, em /var/www/html/wp-includes/class-wp-rewrite.php, na linha 1046

