2023-10-13T22:37:31+00:00 CRITICAL Uncaught TypeError: Unsupported operand types: int & string in C:\xampp\htdocs\loja-virtual\wp-includes\class-wp-rewrite.php:1046
Stack trace:
#0 C:\xampp\htdocs\loja-virtual\wp-includes\class-wp-rewrite.php(1307): WP_Rewrite->generate_rewrite_rules('/%year%/%monthn...', 1)
#1 C:\xampp\htdocs\loja-virtual\wp-includes\class-wp-rewrite.php(1494): WP_Rewrite->rewrite_rules()
#2 C:\xampp\htdocs\loja-virtual\wp-includes\class-wp-rewrite.php(1868): WP_Rewrite->wp_rewrite_rules()
#3 C:\xampp\htdocs\loja-virtual\wp-includes\rewrite.php(282): WP_Rewrite->flush_rules(true)
#4 C:\xampp\htdocs\loja-virtual\wp-content\plugins\woocommerce\includes\class-wc-post-types.php(651): flush_rewrite_rules()
#5 C:\xampp\htdocs\loja-virtual\wp-includes\class-wp-hook.php(310): WC_Post_Types::flush_rewrite_rules('')
#6 C:\xampp\htdocs\loja-virtual\wp-includes\class-wp-hook.php(334): WP_Hook->apply_filters('', Array)
#7 C:\xampp\htdocs\loja-virtual\wp-includes\plugin.php(517): WP_Hook->do_action(Array)
#8 C:\xampp\htdocs\loja-virtual\wp-content\plugins\woocommerce\includes\class-wc-install.php(455): do_action('woocommerce_flu...')
#9 C:\xampp\htdocs\loja-virtual\wp-includes\class-wp-hook.php(310): WC_Install::install(false)
#10 C:\xampp\htdocs\loja-virtual\wp-includes\class-wp-hook.php(334): WP_Hook->apply_filters('', Array)
#11 C:\xampp\htdocs\loja-virtual\wp-includes\plugin.php(517): WP_Hook->do_action(Array)
#12 C:\xampp\htdocs\loja-virtual\wp-admin\includes\plugin.php(693): do_action('activate_woocom...', false)
#13 C:\xampp\htdocs\loja-virtual\wp-admin\plugins.php(58): activate_plugin('woocommerce/woo...', 'http://localhos...', false)
#14 {main}
  thrown in C:\xampp\htdocs\loja-virtual\wp-includes\class-wp-rewrite.php on line 1046

2023-10-13T22:37:35+00:00 CRITICAL Uncaught TypeError: Unsupported operand types: int & string in C:\xampp\htdocs\loja-virtual\wp-includes\class-wp-rewrite.php:1046
Stack trace:
#0 C:\xampp\htdocs\loja-virtual\wp-includes\class-wp-rewrite.php(1307): WP_Rewrite->generate_rewrite_rules('/%year%/%monthn...', 1)
#1 C:\xampp\htdocs\loja-virtual\wp-includes\class-wp-rewrite.php(1494): WP_Rewrite->rewrite_rules()
#2 C:\xampp\htdocs\loja-virtual\wp-includes\class-wp-rewrite.php(1868): WP_Rewrite->wp_rewrite_rules()
#3 C:\xampp\htdocs\loja-virtual\wp-includes\rewrite.php(282): WP_Rewrite->flush_rules(true)
#4 C:\xampp\htdocs\loja-virtual\wp-content\plugins\woocommerce\includes\class-wc-post-types.php(651): flush_rewrite_rules()
#5 C:\xampp\htdocs\loja-virtual\wp-includes\class-wp-hook.php(310): WC_Post_Types::flush_rewrite_rules('')
#6 C:\xampp\htdocs\loja-virtual\wp-includes\class-wp-hook.php(334): WP_Hook->apply_filters('', Array)
#7 C:\xampp\htdocs\loja-virtual\wp-includes\plugin.php(517): WP_Hook->do_action(Array)
#8 C:\xampp\htdocs\loja-virtual\wp-content\plugins\woocommerce\includes\class-wc-install.php(455): do_action('woocommerce_flu...')
#9 C:\xampp\htdocs\loja-virtual\wp-includes\class-wp-hook.php(310): WC_Install::install('')
#10 C:\xampp\htdocs\loja-virtual\wp-includes\class-wp-hook.php(334): WP_Hook->apply_filters('', Array)
#11 C:\xampp\htdocs\loja-virtual\wp-includes\plugin.php(517): WP_Hook->do_action(Array)
#12 C:\xampp\htdocs\loja-virtual\wp-admin\plugins.php(194): do_action('activate_woocom...')
#13 {main}
  thrown in C:\xampp\htdocs\loja-virtual\wp-includes\class-wp-rewrite.php on line 1046

2023-10-13T22:37:35+00:00 CRITICAL Uncaught TypeError: Unsupported operand types: int & string in C:\xampp\htdocs\loja-virtual\wp-includes\class-wp-rewrite.php:1046
Stack trace:
#0 C:\xampp\htdocs\loja-virtual\wp-includes\class-wp-rewrite.php(1307): WP_Rewrite->generate_rewrite_rules('/%year%/%monthn...', 1)
#1 C:\xampp\htdocs\loja-virtual\wp-includes\class-wp-rewrite.php(1494): WP_Rewrite->rewrite_rules()
#2 C:\xampp\htdocs\loja-virtual\wp-includes\class-wp-rewrite.php(1868): WP_Rewrite->wp_rewrite_rules()
#3 C:\xampp\htdocs\loja-virtual\wp-includes\rewrite.php(282): WP_Rewrite->flush_rules(true)
#4 C:\xampp\htdocs\loja-virtual\wp-content\plugins\woocommerce\includes\class-wc-post-types.php(651): flush_rewrite_rules()
#5 C:\xampp\htdocs\loja-virtual\wp-includes\class-wp-hook.php(310): WC_Post_Types::flush_rewrite_rules('')
#6 C:\xampp\htdocs\loja-virtual\wp-includes\class-wp-hook.php(334): WP_Hook->apply_filters('', Array)
#7 C:\xampp\htdocs\loja-virtual\wp-includes\plugin.php(517): WP_Hook->do_action(Array)
#8 C:\xampp\htdocs\loja-virtual\wp-content\plugins\woocommerce\includes\class-wc-install.php(455): do_action('woocommerce_flu...')
#9 C:\xampp\htdocs\loja-virtual\wp-includes\class-wp-hook.php(310): WC_Install::install('')
#10 C:\xampp\htdocs\loja-virtual\wp-includes\class-wp-hook.php(334): WP_Hook->apply_filters('', Array)
#11 C:\xampp\htdocs\loja-virtual\wp-includes\plugin.php(517): WP_Hook->do_action(Array)
#12 C:\xampp\htdocs\loja-virtual\wp-admin\plugins.php(194): do_action('activate_woocom...')
#13 {main}
  thrown in C:\xampp\htdocs\loja-virtual\wp-includes\class-wp-rewrite.php on line 1046

